<?xml version="1.0" encoding="UTF-8"?>
<testsuite xmlns:xsi="http://www.w3.org/2001/XMLSchema-instance" xsi:noNamespaceSchemaLocation="https://maven.apache.org/surefire/maven-surefire-plugin/xsd/surefire-test-report-3.0.xsd" version="3.0" name="com.example.ApplicationTest" time="0.351" tests="1" errors="0" skipped="0" failures="0">
  <properties>
[...]
</properties>
  <testcase name="testRoot" classname="com.example.ApplicationTest" time="0.327">
    <system-out><![CDATA[2024-02-02 14:39:46.996 [main @coroutine#1]  TRACE i.ktor.client.plugins.HttpPlainText - Adding Accept-Charset=UTF-8 to http:///
2024-02-02 14:39:47.024 [DefaultDispatcher-worker-1 @call-context#2]  INFO  ktor.test - No ktor.deployment.watch patterns specified, automatic reload is not active.
2024-02-02 14:39:47.041 [DefaultDispatcher-worker-1 @call-context#2]  INFO  ktor.test - Application started in 0.021 seconds.
2024-02-02 14:39:47.042 [DefaultDispatcher-worker-2 @coroutine#4]  INFO  ktor.test - Responding at http://localhost:80
2024-02-02 14:39:47.042 [DefaultDispatcher-worker-2 @coroutine#4]  INFO  ktor.test - Responding at https://localhost:443
2024-02-02 14:39:47.053 [DefaultDispatcher-worker-1 @request#2]  TRACE io.ktor.routing.Routing - Trace for []
/, segment:0 -> SUCCESS @ /
  /, segment:0 -> SUCCESS @ /
    /(method:GET), segment:0 -> SUCCESS @ /(method:GET)
Matched routes:
  "" -> "<slash>" -> "(method:GET)"
Route resolve result:
  SUCCESS @ /(method:GET)
2024-02-02 14:39:47.056 [DefaultDispatcher-worker-1 @request#2]  TRACE i.k.s.p.statuspages.StatusPages - No status code found for call: /
2024-02-02 14:39:47.066 [main @coroutine#1]  TRACE i.k.client.plugins.HttpCallValidator - Validating response for request http://localhost/
2024-02-02 14:39:47.066 [main @coroutine#1]  TRACE i.k.c.p.DefaultResponseValidation - Skipping default response validation for http://localhost/
2024-02-02 14:39:47.181 [main @coroutine#1]  TRACE i.k.c.plugins.defaultTransformers - Transformed with default transformers response body for http://localhost/ to class io.ktor.utils.io.core.ByteReadPacket
]]></system-out>
  </testcase>
</testsuite>